<?xml version="1.0" encoding="UTF-8"?>
<testng-results ignored="0" total="1" passed="1" failed="0" skipped="0">
  <reporter-output>
  </reporter-output>
  <suite started-at="2023-07-23T09:53:41 IST" name="API Test Automation" finished-at="2023-07-23T09:53:45 IST" duration-ms="4526">
    <groups>
      <group name="cucumber">
        <method signature="AbstractTestNGCucumberTests.runScenario(io.cucumber.testng.PickleWrapper,io.cucumber.testng.FeatureWrapper)[pri:0, instance:PlayListRunner.PlayListAPI_Test@2f67a4d3]" name="runScenario" class="io.cucumber.testng.AbstractTestNGCucumberTests"/>
      </group> <!-- cucumber -->
    </groups>
    <test started-at="2023-07-23T09:53:41 IST" name="Cucumber Tests" finished-at="2023-07-23T09:53:45 IST" duration-ms="4526">
      <class name="PlayListRunner.PlayListAPI_Test">
        <test-method is-config="true" signature="setUpClass(org.testng.ITestContext)[pri:0, instance:PlayListRunner.PlayListAPI_Test@2f67a4d3]" started-at="2023-07-23T09:53:41 IST" name="setUpClass" finished-at="2023-07-23T09:53:41 IST" duration-ms="351" status="PASS">
          <params>
            <param index="0">
              <value>
                <![CDATA[org.testng.TestRunner@79c97cb]]>
              </value>
            </param>
          </params>
          <reporter-output>
          </reporter-output>
        </test-method> <!-- setUpClass -->
        <test-method signature="runScenario(io.cucumber.testng.PickleWrapper,io.cucumber.testng.FeatureWrapper)[pri:0, instance:PlayListRunner.PlayListAPI_Test@2f67a4d3]" started-at="2023-07-23T09:53:41 IST" name="runScenario" description="Runs Cucumber Scenarios" data-provider="scenarios" finished-at="2023-07-23T09:53:44 IST" duration-ms="3148" status="PASS">
          <params>
            <param index="0">
              <value>
                <![CDATA["Validate that User is able to create the PlayList in Spotify using create Play list API"]]>
              </value>
            </param>
            <param index="1">
              <value>
                <![CDATA["PlayList API Testing"]]>
              </value>
            </param>
          </params>
          <reporter-output>
          </reporter-output>
        </test-method> <!-- runScenario -->
        <test-method is-config="true" signature="tearDownClass()[pri:0, instance:PlayListRunner.PlayListAPI_Test@2f67a4d3]" started-at="2023-07-23T09:53:44 IST" name="tearDownClass" finished-at="2023-07-23T09:53:45 IST" duration-ms="992" status="PASS">
          <reporter-output>
          </reporter-output>
        </test-method> <!-- tearDownClass -->
      </class> <!-- PlayListRunner.PlayListAPI_Test -->
    </test> <!-- Cucumber Tests -->
  </suite> <!-- API Test Automation -->
</testng-results>
